SF:lib\src\core\network\error\exceptions.dart
DA:5,1
DA:7,1
DA:12,3
DA:15,1
DA:16,6
DA:26,0
LF:6
LH:5
end_of_record
SF:lib\src\features\home\flights\data\data_sources\remote\flights_api.dart
DA:12,1
DA:15,1
DA:18,2
DA:20,1
DA:23,1
DA:24,1
DA:25,4
DA:26,1
DA:27,1
DA:28,1
DA:31,1
DA:32,0
DA:33,1
DA:36,0
LF:14
LH:12
end_of_record
SF:lib\src\features\home\flights\domain\usecases\filtering_flights_usecase.dart
DA:11,0
DA:13,0
DA:16,0
DA:17,0
DA:18,0
DA:19,0
DA:21,0
DA:22,0
DA:29,2
DA:45,0
DA:46,0
DA:47,0
DA:48,0
DA:49,0
DA:50,0
DA:51,0
DA:52,0
DA:55,1
DA:56,1
DA:57,2
DA:58,2
DA:59,2
DA:60,2
DA:61,2
DA:62,6
DA:68,2
DA:80,0
DA:81,0
DA:82,0
DA:83,0
DA:84,0
DA:87,1
DA:88,1
DA:89,2
DA:90,2
DA:91,2
DA:92,2
LF:37
LH:16
end_of_record
SF:lib\src\core\common_feature\domain\entities\api_response_model.dart
DA:4,2
DA:14,1
DA:15,1
DA:16,1
DA:17,1
DA:18,3
DA:22,1
DA:27,3
DA:30,1
DA:31,3
DA:32,3
DA:33,2
DA:34,0
DA:35,3
LF:14
LH:13
end_of_record
SF:lib\src\features\home\flights\domain\entities\fare_total_model.dart
DA:7,2
DA:19,2
DA:21,0
DA:23,0
DA:24,0
LF:5
LH:2
end_of_record
SF:lib\src\features\home\flights\domain\entities\fare_total_model.g.dart
DA:9,1
DA:10,1
DA:11,1
DA:12,1
DA:13,1
DA:14,1
DA:17,0
DA:18,0
DA:19,0
DA:20,0
DA:21,0
DA:22,0
LF:12
LH:6
end_of_record
SF:lib\src\features\home\flights\domain\entities\filtering_flights_response_model.dart
DA:10,2
DA:24,2
DA:26,0
DA:28,0
DA:29,0
DA:33,2
DA:37,8
LF:7
LH:4
end_of_record
SF:lib\src\features\home\flights\domain\entities\filtering_flights_response_model.g.dart
DA:9,1
DA:11,1
DA:12,1
DA:13,1
DA:14,3
DA:15,1
DA:16,1
DA:18,2
DA:19,1
DA:21,2
DA:24,0
DA:26,0
DA:27,0
DA:28,0
DA:29,0
DA:30,0
LF:16
LH:10
end_of_record
SF:lib\src\features\home\flights\domain\entities\flight_model.dart
DA:10,2
DA:45,2
DA:47,0
DA:49,0
DA:50,0
DA:53,0
DA:57,0
LF:7
LH:2
end_of_record
SF:lib\src\features\home\flights\domain\entities\flight_model.g.dart
DA:9,2
DA:10,1
DA:11,1
DA:12,1
DA:13,1
DA:14,1
DA:15,1
DA:16,1
DA:17,3
DA:18,1
DA:19,1
DA:20,3
DA:21,1
DA:22,2
DA:25,0
DA:26,0
DA:27,0
DA:28,0
DA:29,0
DA:30,0
DA:31,0
DA:32,0
DA:33,0
DA:34,0
DA:35,0
LF:25
LH:14
end_of_record
SF:lib\main.dart
DA:19,0
DA:21,0
DA:22,0
DA:23,0
DA:25,0
DA:27,0
DA:28,0
DA:29,0
DA:31,0
DA:35,0
DA:36,0
DA:40,0
DA:42,0
DA:43,0
DA:50,0
DA:52,0
DA:55,0
DA:57,0
DA:60,0
DA:62,0
DA:68,0
DA:69,0
DA:70,0
DA:71,0
DA:72,0
DA:74,0
DA:75,0
DA:78,0
DA:79,0
DA:80,0
DA:81,0
DA:82,0
DA:90,0
DA:93,0
DA:96,0
DA:104,0
LF:36
LH:0
end_of_record
SF:lib\src\core\common_feature\domain\entities\language_enum.dart
DA:10,0
DA:12,0
DA:15,0
DA:23,0
DA:25,0
DA:28,0
DA:36,0
DA:38,0
DA:39,0
DA:41,0
DA:42,0
DA:45,0
LF:12
LH:0
end_of_record
SF:lib\src\core\common_feature\presentation\bloc\language\language_cubit.dart
DA:9,0
DA:12,0
DA:13,0
DA:14,0
LF:4
LH:0
end_of_record
SF:lib\src\core\common_feature\presentation\bloc\theme\theme_cubit.dart
DA:7,0
DA:10,0
DA:11,0
DA:12,0
LF:4
LH:0
end_of_record
SF:lib\src\core\common_feature\presentation\widgets\app_snack_bar.dart
DA:11,0
DA:15,0
DA:16,0
DA:19,0
DA:23,0
DA:26,0
DA:33,0
DA:34,0
DA:39,0
DA:40,0
DA:41,0
DA:42,0
DA:43,0
DA:44,0
DA:46,0
DA:47,0
DA:48,0
DA:49,0
DA:53,0
DA:54,0
DA:55,0
DA:56,0
DA:59,0
DA:62,0
DA:66,0
DA:68,0
DA:70,0
DA:72,0
DA:77,0
DA:78,0
DA:80,0
DA:81,0
DA:83,0
DA:87,0
DA:88,0
DA:89,0
DA:93,0
DA:94,0
DA:95,0
LF:39
LH:0
end_of_record
SF:lib\src\core\styles\app_theme.dart
DA:10,0
DA:11,0
DA:15,0
DA:16,0
DA:17,0
DA:18,0
DA:19,0
DA:20,0
DA:23,0
DA:26,0
DA:27,0
DA:28,0
DA:29,0
DA:30,0
DA:31,0
DA:32,0
DA:33,0
DA:34,0
DA:35,0
DA:36,0
DA:38,0
DA:39,0
DA:41,0
DA:42,0
DA:43,0
DA:48,0
DA:49,0
DA:50,0
DA:51,0
DA:53,0
DA:54,0
DA:57,0
DA:58,0
DA:61,0
DA:62,0
DA:65,0
DA:66,0
DA:70,0
DA:78,0
DA:79,0
DA:83,0
DA:84,0
DA:85,0
DA:86,0
DA:87,0
DA:88,0
DA:91,0
DA:94,0
DA:95,0
DA:96,0
DA:97,0
DA:98,0
DA:99,0
DA:100,0
DA:101,0
DA:102,0
DA:103,0
DA:104,0
DA:106,0
DA:107,0
DA:109,0
DA:110,0
DA:111,0
DA:113,0
DA:114,0
DA:119,0
DA:120,0
DA:121,0
DA:122,0
DA:126,0
DA:127,0
DA:130,0
DA:131,0
DA:134,0
DA:135,0
DA:138,0
DA:139,0
DA:143,0
LF:78
LH:0
end_of_record
SF:lib\src\core\translations\l10n.dart
DA:16,0
DA:20,0
DA:21,0
DA:28,0
DA:29,0
DA:30,0
DA:31,0
DA:32,0
DA:33,0
DA:34,0
DA:35,0
DA:42,0
DA:43,0
DA:44,0
DA:49,0
DA:50,0
DA:54,0
DA:55,0
DA:59,0
DA:64,0
DA:65,0
DA:69,0
DA:74,0
DA:75,0
DA:79,0
DA:84,0
DA:85,0
DA:89,0
DA:94,0
DA:95,0
DA:99,0
DA:104,0
DA:105,0
DA:109,0
DA:114,0
DA:115,0
DA:119,0
DA:124,0
DA:125,0
DA:129,0
DA:134,0
DA:135,0
DA:139,0
DA:144,0
DA:145,0
DA:149,0
DA:154,0
DA:155,0
DA:159,0
DA:164,0
DA:165,0
DA:169,0
DA:174,0
DA:175,0
DA:179,0
DA:184,0
DA:185,0
DA:189,0
DA:194,0
DA:195,0
DA:199,0
DA:204,0
DA:205,0
DA:209,0
DA:214,0
DA:215,0
DA:219,0
DA:224,0
DA:225,0
DA:229,0
DA:234,0
DA:235,0
DA:239,0
DA:244,0
DA:245,0
DA:249,0
DA:254,0
DA:255,0
DA:259,0
DA:264,0
DA:265,0
DA:269,0
DA:274,0
DA:275,0
DA:279,0
DA:284,0
DA:285,0
DA:289,0
DA:294,0
DA:295,0
DA:299,0
DA:304,0
DA:305,0
DA:309,0
DA:314,0
DA:315,0
DA:319,0
DA:324,0
DA:325,0
DA:329,0
DA:334,0
DA:335,0
DA:339,0
DA:344,0
DA:345,0
DA:349,0
DA:354,0
DA:355,0
DA:359,0
DA:364,0
DA:365,0
DA:369,0
DA:374,0
DA:375,0
DA:379,0
DA:384,0
DA:385,0
DA:389,0
DA:394,0
DA:395,0
DA:399,0
DA:404,0
DA:405,0
DA:409,0
DA:414,0
DA:415,0
DA:419,0
DA:424,0
DA:425,0
DA:429,0
DA:434,0
DA:435,0
DA:439,0
DA:444,0
DA:445,0
DA:449,0
DA:454,0
DA:455,0
DA:459,0
DA:464,0
DA:465,0
DA:469,0
DA:474,0
DA:475,0
DA:479,0
DA:484,0
DA:485,0
DA:489,0
DA:494,0
DA:495,0
DA:499,0
DA:504,0
DA:505,0
DA:509,0
DA:514,0
DA:515,0
DA:519,0
DA:524,0
DA:525,0
DA:529,0
DA:534,0
DA:535,0
DA:539,0
DA:544,0
DA:545,0
DA:549,0
DA:554,0
DA:555,0
DA:559,0
DA:564,0
DA:565,0
DA:569,0
DA:574,0
DA:575,0
DA:579,0
DA:584,0
DA:585,0
DA:589,0
DA:594,0
DA:595,0
DA:599,0
DA:604,0
DA:605,0
DA:609,0
DA:614,0
DA:615,0
DA:619,0
DA:624,0
DA:625,0
DA:629,0
DA:634,0
DA:635,0
DA:639,0
DA:644,0
DA:645,0
DA:649,0
DA:654,0
DA:655,0
DA:659,0
DA:664,0
DA:665,0
DA:669,0
DA:674,0
DA:675,0
DA:679,0
DA:684,0
DA:685,0
DA:689,0
DA:694,0
DA:695,0
DA:699,0
DA:704,0
DA:705,0
DA:709,0
DA:714,0
DA:715,0
DA:719,0
DA:724,0
DA:725,0
DA:729,0
DA:734,0
DA:735,0
DA:739,0
DA:744,0
DA:745,0
DA:749,0
DA:754,0
DA:755,0
DA:759,0
DA:764,0
DA:765,0
DA:769,0
DA:774,0
DA:775,0
DA:779,0
DA:784,0
DA:785,0
DA:789,0
DA:794,0
DA:795,0
DA:799,0
DA:804,0
DA:805,0
DA:809,0
DA:814,0
DA:815,0
DA:819,0
DA:824,0
DA:825,0
DA:829,0
DA:834,0
DA:835,0
DA:839,0
DA:844,0
DA:845,0
DA:849,0
DA:854,0
DA:855,0
DA:859,0
DA:864,0
DA:865,0
DA:869,0
DA:874,0
DA:875,0
DA:879,0
DA:884,0
DA:885,0
DA:889,0
DA:894,0
DA:895,0
DA:899,0
DA:905,2
DA:907,0
DA:914,0
DA:915,0
DA:916,0
DA:917,0
DA:918,0
DA:921,0
DA:922,0
DA:923,0
LF:281
LH:1
end_of_record
SF:lib\src\core\util\injections.dart
DA:18,0
DA:20,0
DA:21,0
DA:22,0
DA:23,0
DA:24,0
DA:25,0
DA:26,0
DA:27,0
DA:28,0
DA:29,0
DA:30,0
DA:34,0
DA:35,0
DA:36,0
DA:38,0
DA:42,0
DA:43,0
DA:44,0
LF:19
LH:0
end_of_record
SF:lib\src\core\util\log\log_controller.dart
DA:10,0
DA:11,0
DA:12,0
DA:20,0
DA:33,0
DA:35,0
DA:36,0
DA:39,0
DA:43,0
DA:54,0
DA:58,0
DA:59,0
DA:61,0
DA:65,0
DA:66,0
DA:67,0
DA:68,0
DA:70,0
DA:71,0
DA:73,0
DA:75,0
DA:79,0
DA:80,0
DA:81,0
DA:83,0
DA:85,0
DA:87,0
DA:91,0
DA:93,0
DA:94,0
DA:96,0
DA:98,0
DA:99,0
DA:100,0
DA:101,0
LF:35
LH:0
end_of_record
SF:lib\src\core\util\router.dart
DA:12,0
DA:14,0
DA:17,0
DA:20,0
DA:23,0
DA:26,0
DA:38,0
DA:39,0
DA:40,0
DA:42,0
DA:43,0
DA:44,0
DA:45,0
DA:49,0
DA:50,0
DA:51,0
DA:52,0
DA:56,0
DA:57,0
DA:58,0
DA:59,0
DA:63,0
DA:64,0
DA:65,0
DA:66,0
DA:68,0
DA:69,0
DA:76,0
DA:77,0
DA:78,0
DA:79,0
DA:80,0
LF:32
LH:0
end_of_record
SF:lib\src\features\intro\presentation\pages\intro_page.dart
DA:9,2
DA:11,0
DA:12,0
DA:18,0
DA:20,0
DA:22,0
DA:23,0
DA:24,0
DA:25,0
DA:27,0
DA:28,0
DA:29,0
DA:30,0
DA:32,0
DA:39,0
DA:42,0
DA:44,0
DA:45,0
DA:48,0
DA:50,0
DA:51,0
DA:52,0
DA:53,0
DA:54,0
DA:55,0
DA:56,0
DA:57,0
LF:27
LH:1
end_of_record
SF:lib\src\core\common_feature\app_injections.dart
DA:6,0
DA:7,0
DA:8,0
LF:3
LH:0
end_of_record
SF:lib\src\core\common_feature\data\data_sources\app_shared_prefs.dart
DA:8,0
DA:11,0
DA:12,0
DA:14,0
DA:19,0
DA:20,0
DA:23,0
DA:24,0
DA:28,0
DA:29,0
DA:32,0
DA:33,0
LF:12
LH:0
end_of_record
SF:lib\src\core\common_feature\domain\usecase\get_data_usecase.dart
DA:10,0
DA:13,0
DA:15,0
DA:16,0
DA:17,0
DA:18,0
DA:19,0
LF:7
LH:0
end_of_record
SF:lib\src\core\common_feature\domain\entities\app_enum.dart
DA:8,0
DA:10,0
DA:12,0
DA:14,0
LF:4
LH:0
end_of_record
SF:lib\src\core\common_feature\domain\entities\log_file_type.dart
DA:8,0
DA:10,0
DA:12,0
DA:14,0
LF:4
LH:0
end_of_record
SF:lib\src\core\common_feature\domain\entities\user_model.dart
DA:14,0
DA:20,0
DA:22,0
DA:24,0
DA:25,0
LF:5
LH:0
end_of_record
SF:lib\src\core\common_feature\domain\entities\user_model.g.dart
DA:9,0
DA:10,0
DA:11,0
DA:12,0
DA:15,0
DA:16,0
DA:17,0
DA:18,0
LF:8
LH:0
end_of_record
SF:lib\src\core\common_feature\domain\entities\user_profile_model.dart
DA:42,0
DA:72,0
DA:74,0
DA:76,0
DA:77,0
DA:80,0
DA:84,0
DA:87,0
DA:89,0
LF:9
LH:0
end_of_record
SF:lib\src\core\common_feature\domain\entities\user_profile_model.g.dart
DA:9,0
DA:10,0
DA:11,0
DA:12,0
DA:13,0
DA:14,0
DA:15,0
DA:16,0
DA:17,0
DA:18,0
DA:19,0
DA:20,0
DA:21,0
DA:22,0
DA:23,0
DA:24,0
DA:25,0
DA:26,0
DA:27,0
DA:28,0
DA:29,0
DA:30,0
DA:31,0
DA:32,0
DA:33,0
DA:34,0
DA:35,0
DA:36,0
DA:37,0
DA:40,0
DA:41,0
DA:42,0
DA:43,0
DA:44,0
DA:45,0
DA:46,0
DA:47,0
DA:48,0
DA:49,0
DA:50,0
DA:51,0
DA:52,0
DA:53,0
DA:54,0
DA:55,0
DA:56,0
DA:57,0
DA:58,0
DA:59,0
DA:60,0
DA:61,0
DA:62,0
DA:63,0
DA:64,0
DA:65,0
DA:66,0
DA:67,0
DA:68,0
LF:58
LH:0
end_of_record
SF:lib\src\core\network\error\failures.dart
DA:6,1
DA:8,1
DA:9,2
DA:16,1
DA:17,1
DA:23,0
LF:6
LH:5
end_of_record
SF:lib\src\core\common_feature\presentation\bloc\general\general_bloc.dart
DA:14,0
DA:15,0
DA:17,0
DA:21,0
DA:22,0
DA:24,0
DA:25,0
DA:27,0
DA:28,0
DA:29,0
DA:31,0
DA:32,0
LF:12
LH:0
end_of_record
SF:lib\src\core\common_feature\presentation\bloc\general\general_state.dart
DA:20,0
LF:1
LH:0
end_of_record
SF:lib\src\features\auth\data\data_sources\locale\auth_shared_prefs.dart
DA:10,0
DA:13,0
DA:14,0
DA:18,0
DA:21,0
DA:22,0
DA:25,0
DA:26,0
DA:30,0
DA:31,0
DA:35,0
DA:36,0
DA:40,0
DA:41,0
DA:44,0
DA:45,0
DA:48,0
DA:49,0
LF:18
LH:0
end_of_record
SF:lib\src\features\auth\domain\usecases\logout_usecase.dart
DA:9,0
DA:11,0
DA:13,0
DA:14,0
DA:15,0
DA:16,0
DA:17,0
DA:23,0
DA:25,0
DA:27,0
DA:28,0
DA:29,0
LF:12
LH:0
end_of_record
SF:lib\src\core\util\helper\helper.dart
DA:11,0
DA:13,0
DA:19,0
DA:20,0
DA:24,0
DA:25,0
DA:29,0
DA:30,0
DA:31,0
DA:35,0
DA:36,0
DA:40,0
DA:45,0
DA:50,0
DA:52,0
LF:15
LH:0
end_of_record
SF:lib\src\core\common_feature\presentation\pages\app_drawer_page.dart
DA:18,0
DA:20,0
DA:21,0
DA:29,0
DA:31,0
DA:34,0
DA:36,0
DA:39,0
DA:41,0
DA:42,0
DA:43,0
DA:44,0
DA:45,0
DA:46,0
DA:48,0
DA:50,0
DA:51,0
DA:56,0
DA:57,0
DA:58,0
DA:62,0
DA:63,0
DA:66,0
DA:69,0
DA:70,0
DA:71,0
DA:75,0
DA:76,0
DA:77,0
DA:78,0
DA:79,0
DA:80,0
DA:86,0
DA:87,0
DA:90,0
DA:93,0
DA:94,0
DA:95,0
DA:99,0
DA:100,0
DA:101,0
DA:102,0
DA:103,0
DA:104,0
DA:110,0
DA:112,0
DA:113,0
DA:114,0
DA:115,0
DA:116,0
DA:117,0
DA:119,0
DA:120,0
DA:121,0
DA:122,0
DA:123,0
DA:129,0
DA:132,0
DA:133,0
DA:134,0
DA:135,0
DA:136,0
DA:138,0
DA:139,0
DA:140,0
DA:141,0
DA:142,0
DA:146,0
DA:147,0
DA:148,0
DA:150,0
DA:151,0
DA:152,0
DA:153,0
DA:156,0
LF:75
LH:0
end_of_record
SF:lib\src\core\common_feature\presentation\widgets\app_loader.dart
DA:7,2
DA:9,0
DA:11,0
DA:13,0
DA:14,0
DA:16,0
DA:17,0
LF:7
LH:1
end_of_record
SF:lib\src\core\common_feature\presentation\widgets\button_widget.dart
DA:18,0
DA:31,0
DA:33,0
DA:34,0
DA:38,0
DA:40,0
DA:44,0
DA:45,0
DA:46,0
DA:47,0
DA:48,0
DA:49,0
DA:50,0
DA:52,0
DA:53,0
DA:54,0
DA:55,0
DA:56,0
DA:61,0
DA:62,0
DA:65,0
DA:67,0
DA:70,0
DA:71,0
DA:72,0
DA:73,0
DA:74,0
DA:77,0
DA:78,0
DA:79,0
LF:30
LH:0
end_of_record
SF:lib\src\core\styles\app_colors.dart
DA:15,0
LF:1
LH:0
end_of_record
SF:lib\src\core\util\helper\helper_ui.dart
DA:14,0
DA:15,0
DA:19,0
DA:20,0
DA:23,0
DA:24,0
DA:25,0
DA:29,0
DA:31,0
DA:32,0
DA:37,0
DA:41,0
DA:45,0
DA:47,0
DA:48,0
DA:50,0
DA:52,0
DA:53,0
DA:57,0
DA:58,0
DA:60,0
DA:61,0
DA:63,0
DA:76,0
DA:77,0
DA:78,0
DA:84,0
DA:85,0
DA:91,0
DA:92,0
DA:93,0
DA:98,0
DA:99,0
DA:100,0
DA:104,0
DA:105,0
DA:106,0
DA:110,0
DA:121,0
DA:123,0
DA:135,0
DA:136,0
DA:137,0
DA:139,0
LF:44
LH:0
end_of_record
SF:lib\src\core\common_feature\presentation\pages\background_page.dart
DA:20,0
DA:32,0
DA:34,0
DA:35,0
DA:41,0
DA:43,0
DA:48,0
DA:50,0
DA:51,0
DA:52,0
DA:54,0
DA:55,0
DA:56,0
DA:57,0
DA:64,0
DA:65,0
DA:68,0
DA:70,0
DA:71,0
DA:72,0
DA:75,0
DA:78,0
DA:79,0
DA:80,0
DA:83,0
DA:84,0
DA:85,0
DA:86,0
LF:28
LH:0
end_of_record
SF:lib\src\core\common_feature\presentation\widgets\action_button_widget.dart
DA:12,0
DA:13,0
DA:15,0
DA:16,0
DA:20,0
DA:22,0
DA:23,0
DA:24,0
DA:25,0
DA:26,0
DA:27,0
DA:28,0
DA:29,0
DA:30,0
DA:31,0
DA:34,0
DA:38,0
LF:17
LH:0
end_of_record
SF:lib\src\core\common_feature\presentation\widgets\checkbox_widget.dart
DA:11,0
DA:13,0
DA:15,0
DA:16,0
DA:22,0
DA:24,0
DA:25,0
DA:28,0
DA:30,0
DA:31,0
DA:32,0
DA:33,0
DA:34,0
DA:37,0
DA:38,0
DA:39,0
DA:41,0
DA:42,0
DA:44,0
DA:46,0
DA:47,0
DA:49,0
DA:50,0
DA:51,0
DA:52,0
LF:25
LH:0
end_of_record
SF:lib\src\core\common_feature\presentation\widgets\circle_border_image_widget.dart
DA:11,0
DA:17,0
DA:19,0
DA:21,0
DA:22,0
DA:23,0
DA:24,0
DA:26,0
DA:27,0
DA:31,0
DA:32,0
DA:33,0
DA:36,0
DA:39,0
DA:40,0
DA:41,0
LF:16
LH:0
end_of_record
SF:lib\src\core\common_feature\presentation\widgets\date_picker_widget.dart
DA:17,0
DA:26,0
DA:28,0
DA:29,0
DA:35,0
DA:37,0
DA:38,0
DA:40,0
DA:42,0
DA:43,0
DA:44,0
DA:45,0
DA:47,0
DA:49,0
DA:51,0
DA:53,0
DA:54,0
DA:57,0
DA:58,0
DA:60,0
DA:62,0
DA:70,0
DA:71,0
DA:72,0
DA:75,0
DA:76,0
DA:77,0
DA:78,0
DA:79,0
DA:80,0
DA:83,0
DA:84,0
DA:88,0
DA:89,0
DA:90,0
DA:91,0
DA:92,0
LF:37
LH:0
end_of_record
SF:lib\src\core\common_feature\presentation\widgets\rate_number_widget.dart
DA:11,0
DA:15,0
DA:17,0
DA:19,0
DA:20,0
DA:21,0
DA:22,0
DA:24,0
DA:25,0
DA:26,0
DA:28,0
DA:29,0
DA:30,0
DA:31,0
DA:33,0
DA:34,0
DA:36,0
DA:37,0
DA:38,0
LF:19
LH:0
end_of_record
SF:lib\src\core\common_feature\presentation\widgets\switch_widget.dart
DA:11,0
DA:12,0
DA:14,0
DA:15,0
DA:19,0
DA:21,0
DA:24,0
DA:29,0
DA:30,0
LF:9
LH:0
end_of_record
SF:lib\src\core\common_feature\presentation\widgets\text_field_widget.dart
DA:29,0
DA:52,0
DA:54,0
DA:55,0
DA:59,0
DA:64,0
DA:65,0
DA:68,0
DA:69,0
DA:70,0
DA:71,0
DA:72,0
DA:73,0
DA:74,0
DA:75,0
DA:77,0
DA:78,0
DA:79,0
DA:80,0
DA:81,0
DA:82,0
DA:83,0
DA:84,0
DA:85,0
DA:86,0
DA:87,0
DA:88,0
DA:89,0
DA:90,0
DA:91,0
DA:92,0
DA:93,0
DA:96,0
DA:97,0
DA:98,0
DA:99,0
DA:100,0
DA:101,0
DA:104,0
DA:105,0
DA:106,0
DA:107,0
DA:108,0
DA:111,0
DA:112,0
DA:113,0
DA:114,0
DA:115,0
DA:116,0
DA:119,0
DA:120,0
DA:121,0
DA:123,0
DA:126,0
DA:127,0
DA:128,0
DA:129,0
DA:134,0
DA:135,0
DA:136,0
DA:138,0
DA:141,0
DA:142,0
DA:143,0
DA:144,0
DA:149,0
DA:150,0
DA:151,0
DA:152,0
DA:153,0
DA:156,0
DA:157,0
DA:158,0
DA:159,0
DA:160,0
DA:161,0
LF:76
LH:0
end_of_record
SF:lib\src\core\network\dio_injection.dart
DA:8,0
DA:9,0
DA:10,0
DA:11,0
DA:13,0
DA:14,0
DA:16,0
DA:23,0
DA:25,0
DA:29,0
DA:30,0
LF:11
LH:0
end_of_record
SF:lib\src\core\network\interceptors\logger_interceptor.dart
DA:5,0
DA:35,0
DA:37,0
DA:38,0
DA:40,0
DA:41,0
DA:42,0
DA:43,0
DA:44,0
DA:45,0
DA:46,0
DA:48,0
DA:49,0
DA:50,0
DA:52,0
DA:53,0
DA:54,0
DA:56,0
DA:57,0
DA:60,0
DA:62,0
DA:63,0
DA:64,0
DA:65,0
DA:66,0
DA:67,0
DA:69,0
DA:71,0
DA:74,0
DA:76,0
DA:77,0
DA:78,0
DA:81,0
DA:82,0
DA:83,0
DA:84,0
DA:85,0
DA:86,0
DA:88,0
DA:89,0
DA:91,0
DA:92,0
DA:93,0
DA:95,0
DA:98,0
DA:99,0
DA:102,0
DA:103,0
DA:106,0
DA:107,0
DA:110,0
DA:111,0
LF:52
LH:0
end_of_record
SF:lib\src\core\network\interceptors\queue_interceptor.dart
DA:11,0
DA:13,0
DA:14,0
DA:16,0
DA:18,0
DA:23,0
DA:25,0
DA:27,0
DA:28,0
DA:30,0
DA:31,0
DA:33,0
DA:36,0
DA:38,0
DA:39,0
DA:41,0
LF:16
LH:0
end_of_record
SF:lib\src\core\util\log\app_logger.dart
DA:6,0
DA:8,0
DA:11,0
DA:13,0
DA:17,0
DA:26,0
DA:27,0
DA:30,0
DA:33,0
DA:36,0
DA:41,0
DA:42,0
DA:45,0
LF:13
LH:0
end_of_record
SF:lib\src\core\network\error\dio_error_handler.dart
DA:3,0
DA:6,0
DA:7,0
DA:10,0
DA:13,0
DA:16,0
DA:19,0
DA:22,0
DA:23,0
DA:24,0
DA:27,0
DA:28,0
DA:29,0
DA:30,0
DA:34,0
DA:35,0
DA:36,0
DA:37,0
DA:38,0
DA:39,0
DA:40,0
DA:41,0
DA:43,0
DA:44,0
DA:45,0
DA:47,0
DA:48,0
DA:50,0
DA:51,0
DA:52,0
DA:54,0
DA:55,0
DA:56,0
DA:58,0
DA:59,0
DA:60,0
DA:61,0
DA:62,0
DA:64,0
DA:65,0
DA:68,0
DA:75,0
LF:42
LH:0
end_of_record
SF:lib\src\core\styles\app_font_size.dart
DA:4,0
DA:5,0
DA:7,0
DA:8,0
DA:9,0
DA:10,0
DA:11,0
DA:12,0
LF:8
LH:0
end_of_record
SF:lib\src\core\styles\app_text_style.dart
DA:9,0
DA:10,0
DA:14,0
DA:15,0
DA:20,0
DA:26,0
DA:27,0
DA:29,0
DA:30,0
DA:34,0
DA:35,0
DA:39,0
DA:40,0
DA:45,0
DA:46,0
DA:51,0
DA:52,0
DA:58,0
DA:59,0
DA:63,0
DA:64,0
DA:69,0
DA:75,0
DA:76,0
DA:80,0
DA:81,0
DA:85,0
DA:86,0
DA:90,0
DA:91,0
DA:95,0
DA:96,0
DA:100,0
DA:101,0
LF:34
LH:0
end_of_record
SF:lib\src\core\translations\intl\messages_all.dart
DA:23,0
DA:24,0
DA:25,0
DA:28,0
DA:30,0
DA:31,0
DA:32,0
DA:33,0
DA:40,0
DA:41,0
DA:42,0
DA:43,0
DA:45,0
DA:47,0
DA:48,0
DA:49,0
DA:50,0
DA:51,0
DA:54,0
DA:56,0
DA:62,0
DA:64,0
DA:66,0
LF:23
LH:0
end_of_record
SF:lib\src\core\translations\intl\messages_ar.dart
DA:16,0
DA:21,0
DA:24,0
DA:25,0
DA:27,0
DA:28,0
DA:29,0
DA:30,0
DA:31,0
DA:32,0
DA:33,0
DA:34,0
DA:35,0
DA:36,0
DA:37,0
DA:38,0
DA:39,0
DA:40,0
DA:42,0
DA:43,0
DA:44,0
DA:45,0
DA:46,0
DA:48,0
DA:50,0
DA:51,0
DA:52,0
DA:54,0
DA:55,0
DA:56,0
DA:57,0
DA:59,0
DA:60,0
DA:61,0
DA:62,0
DA:63,0
DA:64,0
DA:65,0
DA:68,0
DA:70,0
DA:71,0
DA:73,0
DA:74,0
DA:75,0
DA:76,0
DA:77,0
DA:79,0
DA:80,0
DA:82,0
DA:83,0
DA:84,0
DA:86,0
DA:88,0
DA:90,0
DA:93,0
DA:96,0
DA:99,0
DA:102,0
DA:104,0
DA:105,0
DA:107,0
DA:108,0
DA:110,0
DA:112,0
DA:113,0
DA:114,0
DA:116,0
DA:117,0
DA:118,0
DA:119,0
DA:120,0
DA:121,0
DA:122,0
DA:123,0
DA:124,0
DA:126,0
DA:127,0
DA:128,0
DA:129,0
DA:130,0
DA:131,0
DA:132,0
DA:135,0
DA:136,0
DA:138,0
DA:140,0
LF:86
LH:0
end_of_record
SF:lib\src\core\translations\intl\messages_en.dart
DA:16,0
DA:21,0
DA:24,0
DA:25,0
DA:27,0
DA:28,0
DA:30,0
DA:31,0
DA:32,0
DA:33,0
DA:34,0
DA:35,0
DA:36,0
DA:37,0
DA:38,0
DA:39,0
DA:40,0
DA:41,0
DA:42,0
DA:44,0
DA:46,0
DA:47,0
DA:48,0
DA:50,0
DA:52,0
DA:54,0
DA:55,0
DA:56,0
DA:58,0
DA:59,0
DA:60,0
DA:61,0
DA:63,0
DA:64,0
DA:65,0
DA:66,0
DA:67,0
DA:68,0
DA:69,0
DA:72,0
DA:74,0
DA:75,0
DA:77,0
DA:78,0
DA:80,0
DA:81,0
DA:83,0
DA:84,0
DA:85,0
DA:87,0
DA:88,0
DA:89,0
DA:91,0
DA:93,0
DA:95,0
DA:98,0
DA:101,0
DA:104,0
DA:107,0
DA:109,0
DA:110,0
DA:112,0
DA:113,0
DA:115,0
DA:117,0
DA:119,0
DA:120,0
DA:121,0
DA:122,0
DA:123,0
DA:125,0
DA:126,0
DA:127,0
DA:128,0
DA:129,0
DA:130,0
DA:131,0
DA:133,0
DA:134,0
DA:135,0
DA:136,0
DA:137,0
DA:138,0
DA:139,0
DA:142,0
DA:143,0
DA:145,0
DA:146,0
LF:88
LH:0
end_of_record
SF:lib\src\core\util\log\log_controller_injection.dart
DA:4,0
DA:5,0
LF:2
LH:0
end_of_record
SF:lib\src\features\auth\auth_injections.dart
DA:12,0
DA:13,0
DA:14,0
DA:15,0
DA:16,0
DA:17,0
DA:18,0
DA:19,0
DA:20,0
LF:9
LH:0
end_of_record
SF:lib\src\features\home\car_rental\car_rental_injections.dart
DA:8,0
DA:9,0
DA:10,0
DA:11,0
DA:12,0
DA:13,0
LF:6
LH:0
end_of_record
SF:lib\src\features\home\flights\flights_injections.dart
DA:8,0
DA:9,0
DA:10,0
DA:11,0
DA:12,0
DA:13,0
LF:6
LH:0
end_of_record
SF:lib\src\features\home\general\home_injections.dart
DA:8,0
DA:9,0
DA:10,0
DA:11,0
DA:12,0
LF:5
LH:0
end_of_record
SF:lib\src\features\home\hotels\hotels_injections.dart
DA:8,0
DA:9,0
DA:10,0
DA:11,0
DA:12,0
LF:5
LH:0
end_of_record
SF:lib\src\features\search_flights\search_flights_injections.dart
DA:8,0
DA:9,0
DA:10,0
DA:11,0
DA:12,0
LF:5
LH:0
end_of_record
SF:lib\src\features\auth\presentation\pages\login_page.dart
DA:25,2
DA:27,0
DA:28,0
DA:47,0
DA:49,0
DA:52,0
DA:54,0
DA:57,0
DA:58,0
DA:60,0
DA:61,0
DA:62,0
DA:65,0
DA:67,0
DA:69,0
DA:70,0
DA:71,0
DA:74,0
DA:76,0
DA:77,0
DA:78,0
DA:79,0
DA:80,0
DA:85,0
DA:86,0
DA:90,0
DA:91,0
DA:92,0
DA:100,0
DA:101,0
DA:105,0
DA:108,0
DA:109,0
DA:113,0
DA:116,0
DA:117,0
DA:121,0
DA:124,0
DA:125,0
DA:129,0
DA:130,0
DA:131,0
DA:132,0
DA:133,0
DA:134,0
DA:136,0
DA:137,0
DA:140,0
DA:141,0
DA:142,0
DA:145,0
DA:146,0
DA:147,0
DA:148,0
DA:149,0
DA:151,0
DA:152,0
DA:153,0
DA:162,0
DA:163,0
DA:167,0
DA:177,0
DA:178,0
DA:180,0
DA:182,0
DA:183,0
DA:184,0
DA:191,0
DA:192,0
DA:195,0
DA:196,0
DA:199,0
DA:200,0
DA:201,0
DA:203,0
DA:204,0
DA:213,0
DA:214,0
DA:216,0
DA:218,0
DA:219,0
DA:220,0
DA:227,0
DA:228,0
DA:231,0
DA:232,0
DA:235,0
DA:236,0
DA:237,0
DA:239,0
DA:240,0
DA:249,0
DA:250,0
DA:252,0
DA:254,0
DA:255,0
DA:257,0
DA:258,0
DA:259,0
DA:260,0
DA:261,0
DA:267,0
DA:268,0
DA:271,0
DA:272,0
DA:273,0
DA:282,0
DA:283,0
DA:284,0
DA:285,0
DA:296,0
DA:297,0
DA:298,0
DA:299,0
DA:301,0
DA:302,0
DA:303,0
DA:309,0
DA:310,0
DA:311,0
DA:315,0
DA:316,0
DA:317,0
DA:326,0
DA:328,0
DA:330,0
DA:331,0
DA:333,0
DA:334,0
DA:342,0
DA:343,0
DA:344,0
DA:345,0
DA:348,0
DA:349,0
DA:350,0
LF:136
LH:1
end_of_record
SF:lib\src\features\auth\presentation\pages\register_page.dart
DA:26,2
DA:28,0
DA:29,0
DA:61,0
DA:63,0
DA:66,0
DA:68,0
DA:71,0
DA:72,0
DA:74,0
DA:75,0
DA:76,0
DA:77,0
DA:79,0
DA:81,0
DA:82,0
DA:83,0
DA:86,0
DA:88,0
DA:89,0
DA:90,0
DA:98,0
DA:99,0
DA:103,0
DA:106,0
DA:107,0
DA:111,0
DA:114,0
DA:115,0
DA:119,0
DA:122,0
DA:123,0
DA:127,0
DA:130,0
DA:131,0
DA:135,0
DA:138,0
DA:139,0
DA:143,0
DA:146,0
DA:147,0
DA:151,0
DA:152,0
DA:153,0
DA:154,0
DA:155,0
DA:156,0
DA:158,0
DA:159,0
DA:162,0
DA:163,0
DA:167,0
DA:168,0
DA:169,0
DA:170,0
DA:171,0
DA:173,0
DA:174,0
DA:175,0
DA:176,0
DA:185,0
DA:186,0
DA:190,0
DA:200,0
DA:201,0
DA:203,0
DA:205,0
DA:206,0
DA:207,0
DA:214,0
DA:215,0
DA:218,0
DA:219,0
DA:220,0
DA:221,0
DA:222,0
DA:224,0
DA:225,0
DA:234,0
DA:235,0
DA:237,0
DA:239,0
DA:240,0
DA:241,0
DA:248,0
DA:249,0
DA:252,0
DA:253,0
DA:256,0
DA:257,0
DA:258,0
DA:260,0
DA:261,0
DA:270,0
DA:271,0
DA:273,0
DA:275,0
DA:276,0
DA:277,0
DA:284,0
DA:285,0
DA:288,0
DA:289,0
DA:291,0
DA:292,0
DA:293,0
DA:295,0
DA:296,0
DA:305,0
DA:306,0
DA:308,0
DA:310,0
DA:311,0
DA:312,0
DA:319,0
DA:320,0
DA:323,0
DA:324,0
DA:328,0
DA:329,0
DA:330,0
DA:332,0
DA:333,0
DA:342,0
DA:343,0
DA:345,0
DA:347,0
DA:348,0
DA:349,0
DA:356,0
DA:357,0
DA:360,0
DA:361,0
DA:364,0
DA:365,0
DA:366,0
DA:368,0
DA:369,0
DA:370,0
DA:372,0
DA:381,0
DA:382,0
DA:385,0
DA:387,0
DA:388,0
DA:390,0
DA:391,0
DA:392,0
DA:393,0
DA:394,0
DA:400,0
DA:404,0
DA:405,0
DA:406,0
DA:407,0
DA:417,0
DA:418,0
DA:419,0
DA:429,0
DA:430,0
DA:431,0
DA:432,0
DA:434,0
DA:435,0
DA:436,0
DA:442,0
DA:443,0
DA:444,0
DA:448,0
DA:449,0
DA:450,0
DA:459,0
DA:460,0
DA:461,0
DA:462,0
DA:465,0
DA:466,0
DA:473,0
DA:475,0
DA:477,0
DA:478,0
DA:479,0
DA:480,0
DA:481,0
DA:482,0
DA:484,0
DA:485,0
LF:187
LH:1
end_of_record
SF:lib\src\features\home\general\presentation\pages\home_page.dart
DA:15,2
DA:17,0
DA:18,0
DA:28,0
DA:30,0
DA:31,0
DA:34,0
DA:36,0
DA:37,0
DA:40,0
DA:41,0
DA:42,0
DA:43,0
DA:44,0
DA:45,0
DA:50,0
DA:51,0
DA:55,0
DA:56,0
DA:57,0
DA:58,0
DA:61,0
DA:63,0
DA:65,0
DA:66,0
DA:69,0
DA:70,0
DA:71,0
DA:72,0
DA:73,0
DA:75,0
DA:78,0
DA:80,0
DA:81,0
DA:82,0
DA:83,0
DA:84,0
DA:85,0
DA:92,0
DA:93,0
DA:104,0
DA:105,0
DA:106,0
DA:107,0
DA:109,0
DA:112,0
DA:115,0
LF:47
LH:1
end_of_record
SF:lib\src\features\search_flights\domain\entities\filtering_flights_page_params.dart
DA:12,0
LF:1
LH:0
end_of_record
SF:lib\src\features\search_flights\presentation\pages\search_flights_page.dart
DA:18,0
DA:20,0
DA:21,0
DA:34,0
DA:36,0
DA:37,0
DA:40,0
DA:42,0
DA:44,0
DA:45,0
DA:47,0
DA:48,0
DA:49,0
DA:50,0
DA:51,0
DA:52,0
DA:53,0
DA:57,0
DA:58,0
DA:60,0
DA:61,0
DA:62,0
DA:66,0
DA:67,0
DA:68,0
DA:70,0
DA:72,0
DA:74,0
DA:75,0
DA:76,0
DA:77,0
DA:78,0
DA:79,0
DA:80,0
DA:81,0
DA:85,0
DA:86,0
DA:87,0
DA:88,0
DA:89,0
DA:90,0
DA:98,0
DA:99,0
DA:100,0
DA:101,0
DA:102,0
DA:103,0
DA:107,0
DA:113,0
DA:114,0
DA:118,0
DA:119,0
DA:120,0
DA:122,0
DA:124,0
DA:127,0
DA:129,0
DA:130,0
DA:133,0
DA:135,0
DA:138,0
DA:141,0
DA:142,0
DA:146,0
DA:147,0
DA:150,0
DA:152,0
DA:155,0
DA:162,0
DA:163,0
DA:167,0
DA:168,0
DA:169,0
DA:170,0
DA:171,0
DA:173,0
DA:174,0
DA:175,0
DA:178,0
DA:179,0
DA:180,0
DA:183,0
DA:190,0
DA:191,0
LF:84
LH:0
end_of_record
SF:lib\src\core\util\validators\base_validator.dart
DA:8,0
DA:15,0
DA:16,0
DA:17,0
LF:4
LH:0
end_of_record
SF:lib\src\core\util\validators\email_validator1.dart
DA:8,0
DA:10,0
DA:13,0
DA:15,0
LF:4
LH:0
end_of_record
SF:lib\src\core\util\validators\match_validator.dart
DA:9,0
DA:11,0
DA:13,0
DA:16,0
DA:18,0
LF:5
LH:0
end_of_record
SF:lib\src\core\util\validators\password_validator.dart
DA:11,0
DA:13,0
DA:15,0
DA:18,0
DA:20,0
DA:21,0
DA:23,0
DA:24,0
DA:25,0
DA:28,0
DA:29,0
DA:31,0
DA:32,0
DA:34,0
DA:35,0
DA:36,0
DA:38,0
DA:39,0
DA:40,0
DA:43,0
DA:44,0
DA:46,0
DA:47,0
DA:53,0
DA:56,0
DA:58,0
DA:59,0
DA:60,0
DA:65,0
DA:66,0
DA:68,0
DA:69,0
DA:70,0
DA:72,0
DA:73,0
DA:76,0
DA:78,0
DA:79,0
DA:82,0
DA:83,0
DA:84,0
DA:91,0
DA:92,0
DA:95,0
LF:44
LH:0
end_of_record
SF:lib\src\core\util\validators\phone_number_validator.dart
DA:7,0
DA:9,0
DA:12,0
DA:15,0
DA:16,0
DA:18,0
LF:6
LH:0
end_of_record
SF:lib\src\core\util\validators\required_validator.dart
DA:9,0
DA:11,0
DA:13,0
DA:14,0
DA:17,0
DA:19,0
LF:6
LH:0
end_of_record
SF:lib\src\features\auth\data\data_sources\remote\auth_api.dart
DA:16,0
DA:19,0
DA:22,0
DA:24,0
DA:27,0
DA:28,0
DA:29,0
DA:30,0
DA:31,0
DA:34,0
DA:35,0
DA:36,0
DA:39,0
DA:44,0
DA:48,0
DA:50,0
DA:53,0
DA:54,0
DA:55,0
DA:56,0
DA:57,0
DA:61,0
DA:62,0
DA:63,0
DA:66,0
DA:71,0
DA:74,0
DA:76,0
DA:79,0
DA:80,0
DA:81,0
DA:82,0
DA:83,0
DA:86,0
DA:87,0
DA:88,0
DA:91,0
DA:96,0
DA:99,0
DA:101,0
DA:103,0
DA:104,0
DA:105,0
DA:106,0
DA:107,0
DA:110,0
DA:111,0
DA:112,0
DA:115,0
LF:49
LH:0
end_of_record
SF:lib\src\features\auth\domain\usecases\register_usecase.dart
DA:10,0
DA:12,0
DA:14,0
DA:15,0
DA:16,0
DA:17,0
DA:18,0
DA:24,0
DA:40,0
DA:41,0
DA:42,0
DA:43,0
DA:44,0
DA:45,0
DA:46,0
DA:49,0
DA:50,0
DA:51,0
DA:52,0
DA:53,0
DA:54,0
DA:55,0
DA:56,0
DA:57,0
LF:24
LH:0
end_of_record
SF:lib\src\features\auth\domain\usecases\verification_code_usecase.dart
DA:11,0
DA:13,0
DA:15,0
DA:16,0
DA:17,0
DA:18,0
DA:19,0
DA:25,0
DA:37,0
DA:38,0
DA:39,0
DA:40,0
DA:41,0
DA:44,0
DA:45,0
DA:46,0
DA:47,0
DA:48,0
DA:49,0
DA:50,0
LF:20
LH:0
end_of_record
SF:lib\src\features\auth\data\repositories\auth_repo_impl.dart
DA:19,0
DA:22,0
DA:25,0
DA:26,0
DA:27,0
DA:28,0
DA:33,0
DA:37,0
DA:38,0
DA:39,0
DA:40,0
DA:45,0
DA:49,0
DA:51,0
DA:52,0
DA:53,0
DA:58,0
DA:61,0
DA:62,0
DA:63,0
DA:64,0
LF:21
LH:0
end_of_record
SF:lib\src\features\auth\domain\usecases\login_usecase.dart
DA:10,0
DA:12,0
DA:14,0
DA:15,0
DA:16,0
DA:17,0
DA:18,0
DA:24,0
DA:32,0
DA:33,0
DA:34,0
DA:37,0
DA:38,0
DA:39,0
DA:40,0
DA:41,0
LF:16
LH:0
end_of_record
SF:lib\src\features\auth\data\data_sources\remote\general_auth_api.dart
DA:13,0
LF:1
LH:0
end_of_record
SF:lib\src\features\auth\domain\entities\auth_response_model.dart
DA:7,0
DA:15,0
DA:17,0
DA:19,0
DA:20,0
LF:5
LH:0
end_of_record
SF:lib\src\features\auth\domain\entities\auth_response_model.g.dart
DA:9,0
DA:10,0
DA:11,0
DA:12,0
DA:15,0
DA:16,0
DA:17,0
DA:18,0
LF:8
LH:0
end_of_record
SF:lib\src\features\auth\presentation\bloc\auth_state.dart
DA:4,0
DA:18,0
DA:26,0
DA:40,0
DA:57,0
DA:65,0
LF:6
LH:0
end_of_record
SF:lib\src\features\auth\presentation\bloc\auth_event.dart
DA:4,0
DA:12,0
DA:23,0
DA:41,0
LF:4
LH:0
end_of_record
SF:lib\src\features\auth\presentation\bloc\auth_bloc.dart
DA:16,0
DA:17,0
DA:18,0
DA:19,0
DA:21,0
DA:22,0
DA:23,0
DA:27,0
DA:28,0
DA:30,0
DA:31,0
DA:32,0
DA:33,0
DA:36,0
DA:37,0
DA:38,0
DA:39,0
DA:40,0
DA:41,0
DA:47,0
DA:49,0
DA:51,0
DA:52,0
DA:53,0
DA:54,0
DA:55,0
DA:56,0
DA:59,0
DA:60,0
DA:61,0
DA:62,0
DA:64,0
DA:67,0
DA:72,0
DA:73,0
DA:75,0
DA:76,0
DA:77,0
DA:78,0
DA:79,0
DA:80,0
DA:81,0
DA:82,0
DA:85,0
DA:86,0
DA:87,0
DA:88,0
DA:89,0
DA:90,0
LF:49
LH:0
end_of_record
SF:lib\src\features\auth\presentation\widgets\verification_code_widget.dart
DA:22,0
DA:28,0
DA:30,0
DA:31,0
DA:40,0
DA:42,0
DA:44,0
DA:45,0
DA:46,0
DA:47,0
DA:48,0
DA:49,0
DA:51,0
DA:53,0
DA:54,0
DA:55,0
DA:56,0
DA:60,0
DA:61,0
DA:65,0
DA:66,0
DA:67,0
DA:75,0
DA:76,0
DA:80,0
DA:81,0
DA:82,0
DA:89,0
DA:90,0
DA:94,0
DA:95,0
DA:96,0
DA:97,0
DA:98,0
DA:99,0
DA:101,0
DA:108,0
DA:109,0
DA:113,0
DA:114,0
DA:115,0
DA:116,0
DA:117,0
DA:118,0
DA:120,0
DA:121,0
DA:122,0
DA:123,0
DA:124,0
DA:128,0
DA:129,0
DA:130,0
DA:132,0
DA:133,0
DA:134,0
DA:136,0
DA:140,0
DA:141,0
DA:142,0
DA:143,0
DA:144,0
DA:146,0
DA:147,0
DA:148,0
LF:64
LH:0
end_of_record
SF:lib\src\features\auth\presentation\widgets\pin_code_text_field_widget.dart
DA:13,0
DA:15,0
DA:17,0
DA:18,0
DA:25,0
DA:27,0
DA:32,0
DA:40,0
DA:42,0
DA:43,0
DA:46,0
DA:47,0
DA:54,0
DA:56,0
DA:68,0
DA:69,0
DA:71,0
DA:74,0
DA:75,0
DA:77,0
DA:79,0
LF:21
LH:0
end_of_record
SF:lib\src\features\home\car_rental\data\data_sources\locale\car_rental_shared_prefs.dart
DA:6,0
DA:9,0
LF:2
LH:0
end_of_record
SF:lib\src\features\home\car_rental\data\data_sources\remote\car_rental_api.dart
DA:9,0
DA:12,0
DA:14,0
DA:15,0
DA:16,0
DA:17,0
DA:19,0
LF:7
LH:0
end_of_record
SF:lib\src\features\home\car_rental\data\repositories\car_rental_repo_impl.dart
DA:14,0
DA:17,0
DA:20,0
DA:21,0
DA:22,0
DA:23,0
LF:6
LH:0
end_of_record
SF:lib\src\features\home\car_rental\domain\usecases\car_rental_usecase.dart
DA:9,0
DA:11,0
DA:13,0
DA:14,0
DA:15,0
DA:16,0
DA:17,0
DA:23,0
DA:25,0
DA:27,0
DA:28,0
DA:29,0
LF:12
LH:0
end_of_record
SF:lib\src\features\home\car_rental\data\data_sources\remote\general_car_rental_api.dart
DA:6,0
LF:1
LH:0
end_of_record
SF:lib\src\features\home\car_rental\presentation\bloc\car_rental_event.dart
DA:4,0
LF:1
LH:0
end_of_record
SF:lib\src\features\home\car_rental\presentation\bloc\car_rental_state.dart
DA:4,0
DA:13,0
LF:2
LH:0
end_of_record
SF:lib\src\features\home\car_rental\presentation\bloc\car_rental_bloc.dart
DA:11,0
DA:12,0
LF:2
LH:0
end_of_record
SF:lib\src\features\home\car_rental\presentation\bloc\filter_cubit\filter_cubit.dart
DA:10,0
DA:13,0
DA:14,0
DA:15,0
DA:19,0
DA:20,0
DA:21,0
LF:7
LH:0
end_of_record
SF:lib\src\features\home\car_rental\presentation\pages\car_rental_page.dart
DA:18,0
DA:20,0
DA:21,0
DA:35,0
DA:37,0
DA:39,0
DA:42,0
DA:44,0
DA:45,0
DA:46,0
DA:47,0
DA:49,0
DA:50,0
DA:54,0
DA:55,0
DA:56,0
DA:58,0
DA:59,0
DA:60,0
DA:61,0
DA:62,0
DA:63,0
DA:66,0
DA:67,0
DA:68,0
DA:70,0
DA:71,0
DA:72,0
DA:73,0
DA:77,0
DA:78,0
DA:79,0
DA:80,0
DA:81,0
DA:85,0
DA:86,0
DA:90,0
DA:91,0
DA:92,0
DA:93,0
DA:94,0
DA:101,0
DA:102,0
DA:103,0
DA:105,0
DA:106,0
DA:107,0
DA:108,0
DA:109,0
DA:110,0
DA:113,0
DA:114,0
DA:116,0
DA:117,0
DA:118,0
DA:119,0
DA:120,0
DA:121,0
DA:136,0
DA:137,0
DA:141,0
DA:142,0
DA:143,0
DA:145,0
DA:146,0
DA:147,0
DA:148,0
DA:153,0
DA:154,0
DA:155,0
DA:156,0
DA:170,0
DA:178,0
DA:179,0
DA:183,0
DA:186,0
DA:187,0
DA:191,0
DA:194,0
DA:195,0
DA:199,0
LF:81
LH:0
end_of_record
SF:lib\src\features\home\general\presentation\widgets\best_packages\best_packages_widget.dart
DA:11,0
DA:13,0
DA:14,0
DA:20,0
DA:22,0
DA:23,0
DA:25,0
DA:26,0
DA:27,0
DA:29,0
DA:31,0
DA:32,0
DA:33,0
DA:34,0
DA:35,0
DA:40,0
DA:41,0
DA:43,0
DA:44,0
DA:45,0
DA:55,0
DA:57,0
DA:58,0
DA:59,0
DA:60,0
DA:61,0
DA:62,0
DA:64,0
DA:66,0
LF:29
LH:0
end_of_record
SF:lib\src\features\home\general\presentation\widgets\best_places\best_places_widget.dart
DA:11,0
DA:13,0
DA:14,0
DA:20,0
DA:22,0
DA:23,0
DA:25,0
DA:26,0
DA:27,0
DA:29,0
DA:31,0
DA:32,0
DA:33,0
DA:34,0
DA:35,0
DA:40,0
DA:41,0
DA:43,0
DA:44,0
DA:45,0
DA:55,0
DA:57,0
DA:58,0
DA:59,0
DA:60,0
DA:61,0
DA:62,0
DA:64,0
DA:66,0
LF:29
LH:0
end_of_record
SF:lib\src\features\home\general\presentation\widgets\filter_widget.dart
DA:55,0
DA:75,0
DA:77,0
DA:78,0
DA:114,0
DA:116,0
DA:117,0
DA:118,0
DA:119,0
DA:120,0
DA:123,0
DA:125,0
DA:127,0
DA:129,0
DA:132,0
DA:135,0
DA:136,0
DA:140,0
DA:141,0
DA:145,0
DA:148,0
DA:149,0
DA:153,0
DA:156,0
DA:157,0
DA:161,0
DA:164,0
DA:165,0
DA:169,0
DA:172,0
DA:173,0
DA:174,0
DA:175,0
DA:176,0
DA:177,0
DA:179,0
DA:181,0
DA:182,0
DA:186,0
DA:188,0
DA:194,0
DA:195,0
DA:199,0
DA:200,0
DA:201,0
DA:202,0
DA:205,0
DA:206,0
DA:207,0
DA:209,0
DA:212,0
DA:213,0
DA:214,0
DA:222,0
DA:224,0
DA:225,0
DA:226,0
DA:227,0
DA:230,0
DA:231,0
DA:232,0
DA:233,0
DA:234,0
DA:239,0
DA:241,0
DA:253,0
DA:254,0
DA:255,0
DA:257,0
DA:258,0
DA:259,0
DA:260,0
DA:264,0
DA:265,0
DA:267,0
DA:268,0
DA:269,0
DA:271,0
DA:274,0
DA:275,0
DA:278,0
DA:279,0
DA:282,0
DA:283,0
DA:286,0
DA:287,0
DA:292,0
DA:293,0
DA:295,0
DA:298,0
DA:299,0
DA:300,0
DA:301,0
DA:302,0
DA:303,0
DA:314,0
DA:315,0
DA:316,0
DA:318,0
DA:319,0
DA:320,0
DA:321,0
DA:325,0
DA:326,0
DA:328,0
DA:329,0
DA:330,0
DA:332,0
DA:333,0
DA:335,0
DA:336,0
DA:339,0
DA:340,0
DA:344,0
DA:345,0
DA:348,0
DA:350,0
DA:351,0
DA:352,0
DA:353,0
DA:354,0
DA:355,0
DA:366,0
DA:367,0
DA:369,0
DA:371,0
DA:372,0
DA:373,0
DA:375,0
DA:376,0
DA:377,0
DA:378,0
DA:382,0
DA:383,0
DA:385,0
DA:386,0
DA:387,0
DA:388,0
DA:389,0
DA:390,0
DA:391,0
DA:393,0
DA:394,0
DA:400,0
DA:401,0
DA:402,0
DA:405,0
DA:416,0
DA:418,0
DA:419,0
DA:423,0
DA:424,0
DA:426,0
DA:427,0
DA:428,0
DA:429,0
DA:433,0
DA:434,0
DA:436,0
DA:437,0
DA:438,0
DA:439,0
DA:440,0
DA:441,0
DA:442,0
DA:444,0
DA:445,0
DA:452,0
DA:453,0
DA:454,0
DA:457,0
DA:471,0
DA:472,0
DA:473,0
DA:475,0
DA:476,0
DA:477,0
DA:479,0
DA:480,0
DA:481,0
DA:482,0
DA:486,0
DA:487,0
DA:489,0
DA:490,0
DA:495,0
DA:496,0
DA:497,0
DA:498,0
DA:499,0
DA:500,0
DA:510,0
DA:512,0
DA:513,0
DA:516,0
DA:517,0
DA:519,0
DA:520,0
DA:521,0
DA:522,0
DA:526,0
DA:527,0
DA:529,0
DA:530,0
DA:535,0
DA:536,0
DA:537,0
DA:538,0
DA:539,0
DA:540,0
DA:552,0
DA:553,0
DA:554,0
DA:555,0
DA:556,0
DA:557,0
DA:559,0
DA:560,0
DA:561,0
DA:562,0
DA:566,0
DA:567,0
DA:569,0
DA:570,0
DA:576,0
DA:577,0
DA:578,0
DA:579,0
DA:580,0
DA:581,0
DA:587,0
DA:589,0
DA:590,0
DA:599,0
DA:600,0
DA:601,0
DA:603,0
DA:604,0
DA:606,0
DA:607,0
DA:608,0
DA:610,0
DA:611,0
DA:612,0
DA:615,0
DA:616,0
DA:617,0
DA:620,0
DA:621,0
DA:622,0
DA:626,0
DA:627,0
DA:629,0
DA:630,0
DA:632,0
DA:633,0
DA:636,0
DA:638,0
DA:639,0
DA:641,0
DA:642,0
DA:645,0
DA:648,0
DA:649,0
DA:651,0
DA:652,0
DA:655,0
DA:658,0
DA:659,0
DA:661,0
DA:662,0
DA:665,0
DA:673,0
DA:674,0
DA:675,0
DA:677,0
DA:678,0
DA:679,0
DA:680,0
DA:684,0
DA:685,0
DA:687,0
DA:688,0
DA:689,0
DA:690,0
DA:691,0
DA:692,0
DA:694,0
DA:695,0
DA:699,0
DA:700,0
DA:704,0
DA:705,0
DA:706,0
DA:708,0
DA:714,0
DA:715,0
DA:720,0
DA:724,0
DA:725,0
DA:726,0
DA:727,0
DA:729,0
DA:730,0
DA:731,0
DA:732,0
DA:736,0
DA:737,0
DA:739,0
DA:740,0
DA:742,0
DA:746,0
DA:747,0
DA:748,0
DA:750,0
DA:758,0
DA:759,0
DA:763,0
DA:767,0
DA:768,0
DA:769,0
DA:771,0
DA:772,0
DA:773,0
DA:775,0
DA:776,0
DA:777,0
DA:778,0
DA:782,0
DA:783,0
DA:785,0
DA:786,0
DA:787,0
DA:789,0
DA:790,0
DA:793,0
DA:794,0
DA:797,0
DA:798,0
DA:802,0
DA:803,0
DA:805,0
DA:809,0
DA:810,0
DA:811,0
DA:812,0
DA:813,0
DA:814,0
DA:825,0
DA:827,0
DA:828,0
DA:832,0
DA:833,0
DA:835,0
DA:836,0
DA:837,0
DA:838,0
DA:842,0
DA:843,0
DA:845,0
DA:846,0
DA:847,0
DA:849,0
DA:850,0
DA:853,0
DA:854,0
DA:857,0
DA:858,0
DA:862,0
DA:863,0
DA:866,0
DA:869,0
DA:870,0
DA:871,0
DA:872,0
DA:873,0
DA:874,0
DA:888,0
DA:889,0
DA:890,0
DA:892,0
DA:893,0
DA:894,0
DA:895,0
DA:899,0
DA:900,0
DA:902,0
DA:903,0
DA:905,0
DA:909,0
DA:910,0
DA:911,0
DA:913,0
DA:919,0
DA:920,0
DA:925,0
DA:929,0
DA:930,0
DA:931,0
DA:939,0
DA:940,0
DA:941,0
DA:942,0
DA:943,0
DA:944,0
DA:945,0
DA:946,0
DA:947,0
DA:948,0
DA:949,0
DA:950,0
DA:951,0
LF:412
LH:0
end_of_record
SF:lib\src\features\home\general\presentation\widgets\limited_offers\limited_offers_widget.dart
DA:11,0
DA:13,0
DA:14,0
DA:20,0
DA:22,0
DA:23,0
DA:25,0
DA:26,0
DA:27,0
DA:29,0
DA:31,0
DA:32,0
DA:33,0
DA:34,0
DA:35,0
DA:40,0
DA:41,0
DA:43,0
DA:44,0
DA:45,0
DA:55,0
DA:57,0
DA:58,0
DA:59,0
DA:60,0
DA:61,0
DA:62,0
DA:64,0
DA:66,0
LF:29
LH:0
end_of_record
SF:lib\src\features\home\general\presentation\widgets\select_button_widget.dart
DA:12,0
DA:19,0
DA:21,0
DA:22,0
DA:26,0
DA:28,0
DA:29,0
DA:30,0
DA:32,0
DA:33,0
DA:34,0
DA:35,0
DA:36,0
DA:38,0
DA:39,0
DA:41,0
DA:42,0
DA:43,0
DA:44,0
DA:48,0
DA:49,0
DA:50,0
DA:51,0
DA:54,0
DA:58,0
DA:59,0
DA:60,0
DA:61,0
DA:62,0
DA:64,0
DA:66,0
DA:69,0
DA:70,0
DA:71,0
DA:73,0
LF:35
LH:0
end_of_record
SF:lib\src\features\home\flights\data\data_sources\locale\flights_shared_prefs.dart
DA:6,0
DA:9,0
LF:2
LH:0
end_of_record
SF:lib\src\features\home\flights\data\data_sources\remote\general_flights_api.dart
DA:6,1
LF:1
LH:1
end_of_record
SF:lib\src\features\home\flights\data\repositories\flights_repo_impl.dart
DA:13,1
DA:16,1
DA:19,2
DA:20,1
DA:21,2
DA:23,2
DA:24,0
DA:25,0
LF:8
LH:6
end_of_record
SF:lib\src\features\home\flights\domain\entities\filter_category_model.dart
DA:7,1
DA:27,2
DA:29,0
DA:31,0
DA:32,0
LF:5
LH:2
end_of_record
SF:lib\src\features\home\flights\domain\entities\filter_category_model.g.dart
DA:9,1
DA:10,1
DA:12,4
DA:13,1
DA:14,3
DA:15,1
DA:16,1
DA:17,2
DA:18,1
DA:20,4
DA:21,1
DA:22,2
DA:23,1
DA:24,1
DA:25,2
DA:26,1
DA:27,1
DA:28,2
DA:29,1
DA:30,1
DA:31,2
DA:32,1
DA:35,0
DA:37,0
DA:38,0
DA:39,0
DA:40,0
DA:41,0
DA:42,0
DA:43,0
DA:44,0
DA:45,0
LF:32
LH:22
end_of_record
SF:lib\src\features\home\flights\domain\entities\pagination_details_model.dart
DA:7,1
DA:40,2
DA:42,0
DA:44,0
DA:45,0
LF:5
LH:2
end_of_record
SF:lib\src\features\home\flights\domain\entities\pagination_details_model.g.dart
DA:9,1
DA:11,1
DA:12,1
DA:13,1
DA:14,1
DA:15,1
DA:16,1
DA:17,1
DA:18,1
DA:21,0
DA:23,0
DA:24,0
DA:25,0
DA:26,0
DA:27,0
DA:28,0
DA:29,0
DA:30,0
LF:18
LH:9
end_of_record
SF:lib\src\features\home\flights\domain\entities\passenger_model.dart
DA:7,1
DA:62,2
DA:64,0
DA:66,0
DA:67,0
LF:5
LH:2
end_of_record
SF:lib\src\features\home\flights\domain\entities\passenger_model.g.dart
DA:9,1
DA:10,1
DA:12,4
DA:13,1
DA:14,2
DA:15,1
DA:16,1
DA:17,1
DA:18,1
DA:19,1
DA:20,1
DA:21,1
DA:22,1
DA:23,1
DA:24,1
DA:25,1
DA:26,1
DA:29,0
DA:30,0
DA:31,0
DA:32,0
DA:33,0
DA:34,0
DA:35,0
DA:36,0
DA:37,0
DA:38,0
DA:39,0
DA:40,0
DA:41,0
DA:42,0
DA:43,0
LF:32
LH:17
end_of_record
SF:lib\src\features\home\flights\domain\entities\tour_model.dart
DA:8,1
DA:19,2
DA:21,0
DA:23,0
DA:24,0
LF:5
LH:2
end_of_record
SF:lib\src\features\home\flights\domain\entities\tour_model.g.dart
DA:9,2
DA:10,1
DA:11,1
DA:12,3
DA:13,1
DA:16,0
DA:17,0
DA:18,0
LF:8
LH:5
end_of_record
SF:lib\src\features\home\flights\domain\entities\tour_segement_model.dart
DA:7,1
DA:54,2
DA:56,0
DA:58,0
DA:59,0
LF:5
LH:2
end_of_record
SF:lib\src\features\home\flights\domain\entities\tour_segement_model.g.dart
DA:9,1
DA:10,1
DA:11,1
DA:12,1
DA:13,1
DA:14,1
DA:15,1
DA:16,1
DA:17,1
DA:18,1
DA:19,1
DA:20,1
DA:21,1
DA:24,0
DA:25,0
DA:26,0
DA:27,0
DA:28,0
DA:29,0
DA:30,0
DA:31,0
DA:32,0
DA:33,0
DA:34,0
DA:35,0
DA:36,0
LF:26
LH:13
end_of_record
SF:lib\src\features\home\flights\presentation\bloc\flights_event.dart
DA:4,0
DA:11,0
DA:26,0
LF:3
LH:0
end_of_record
SF:lib\src\features\home\flights\presentation\bloc\flights_bloc.dart
DA:14,0
DA:15,0
DA:17,0
DA:18,0
DA:22,0
DA:24,0
DA:28,0
DA:30,0
DA:32,0
DA:33,0
DA:34,0
DA:35,0
DA:36,0
DA:37,0
DA:38,0
DA:39,0
DA:40,0
DA:41,0
DA:42,0
DA:43,0
DA:48,0
DA:49,0
DA:50,0
DA:51,0
DA:52,0
DA:54,0
DA:55,0
DA:56,0
DA:57,0
DA:58,0
DA:59,0
DA:60,0
DA:61,0
LF:33
LH:0
end_of_record
SF:lib\src\features\home\flights\presentation\bloc\flights_state.dart
DA:4,0
DA:13,0
DA:27,0
DA:34,0
LF:4
LH:0
end_of_record
SF:lib\src\features\home\flights\presentation\pages\flights_page.dart
DA:20,0
DA:22,0
DA:23,0
DA:36,0
DA:38,0
DA:39,0
DA:40,0
DA:43,0
DA:45,0
DA:46,0
DA:47,0
DA:48,0
DA:51,0
DA:52,0
DA:53,0
DA:55,0
DA:56,0
DA:57,0
DA:58,0
DA:60,0
DA:61,0
DA:62,0
DA:63,0
DA:64,0
DA:65,0
DA:66,0
DA:69,0
DA:70,0
DA:72,0
DA:73,0
DA:75,0
DA:76,0
DA:78,0
DA:81,0
DA:84,0
DA:85,0
DA:89,0
DA:90,0
DA:91,0
DA:92,0
DA:93,0
DA:97,0
DA:98,0
DA:102,0
DA:103,0
DA:104,0
DA:105,0
DA:106,0
DA:113,0
DA:115,0
DA:116,0
DA:117,0
DA:126,0
DA:127,0
DA:128,0
DA:130,0
DA:131,0
DA:132,0
DA:133,0
DA:138,0
DA:140,0
DA:141,0
DA:155,0
DA:156,0
DA:159,0
DA:160,0
DA:161,0
DA:171,0
DA:172,0
DA:173,0
DA:175,0
DA:178,0
DA:179,0
DA:181,0
DA:182,0
DA:190,0
DA:191,0
DA:195,0
DA:198,0
DA:199,0
DA:203,0
DA:206,0
DA:207,0
DA:211,0
LF:84
LH:0
end_of_record
SF:lib\src\features\home\general\data\data_sources\locale\home_shared_prefs.dart
DA:6,0
DA:9,0
LF:2
LH:0
end_of_record
SF:lib\src\features\home\general\data\data_sources\remote\general_home_api.dart
DA:6,0
LF:1
LH:0
end_of_record
SF:lib\src\features\home\general\data\data_sources\remote\home_api.dart
DA:10,0
DA:13,0
DA:15,0
DA:16,0
DA:24,0
DA:25,0
DA:27,0
LF:7
LH:0
end_of_record
SF:lib\src\features\home\general\domain\usecases\home_usecase.dart
DA:9,0
DA:11,0
DA:13,0
DA:14,0
DA:15,0
DA:16,0
DA:17,0
DA:23,0
DA:25,0
DA:27,0
DA:28,0
DA:29,0
LF:12
LH:0
end_of_record
SF:lib\src\features\home\general\data\repositories\home_repo_impl.dart
DA:13,0
DA:16,0
DA:19,0
DA:20,0
DA:21,0
DA:22,0
DA:23,0
DA:25,0
DA:26,0
LF:9
LH:0
end_of_record
SF:lib\src\features\home\general\presentation\widgets\home_app_bar_widget.dart
DA:14,0
DA:16,0
DA:17,0
DA:23,0
DA:25,0
DA:26,0
DA:29,0
DA:31,0
DA:32,0
DA:33,0
DA:34,0
DA:36,0
DA:37,0
DA:40,0
DA:42,0
DA:43,0
DA:45,0
DA:46,0
DA:52,0
DA:53,0
DA:57,0
DA:61,0
DA:63,0
DA:64,0
DA:65,0
DA:66,0
DA:67,0
DA:74,0
DA:75,0
DA:78,0
DA:79,0
DA:80,0
DA:81,0
DA:87,0
DA:88,0
DA:89,0
DA:99,0
DA:100,0
DA:102,0
DA:103,0
DA:104,0
DA:105,0
DA:106,0
DA:107,0
DA:112,0
DA:113,0
DA:117,0
DA:118,0
DA:119,0
DA:120,0
DA:122,0
DA:123,0
DA:124,0
DA:125,0
LF:54
LH:0
end_of_record
SF:lib\src\features\home\general\presentation\widgets\home_tab_bar_widget.dart
DA:11,0
DA:14,0
DA:16,0
DA:17,0
DA:21,0
DA:23,0
DA:24,0
DA:27,0
DA:30,0
DA:32,0
DA:33,0
DA:34,0
DA:36,0
DA:38,0
DA:39,0
DA:40,0
DA:42,0
DA:44,0
DA:47,0
DA:48,0
DA:49,0
DA:50,0
DA:51,0
DA:53,0
DA:54,0
DA:56,0
DA:57,0
DA:58,0
DA:59,0
DA:60,0
DA:61,0
DA:62,0
DA:70,0
DA:71,0
DA:72,0
DA:73,0
DA:74,0
DA:75,0
DA:76,0
DA:84,0
DA:85,0
DA:86,0
DA:87,0
DA:88,0
DA:89,0
DA:90,0
DA:102,0
DA:104,0
DA:105,0
DA:108,0
DA:113,0
DA:114,0
DA:117,0
DA:118,0
LF:54
LH:0
end_of_record
SF:lib\src\features\home\hotels\presentation\pages\hotels_page.dart
DA:12,0
DA:14,0
DA:15,0
DA:27,0
DA:29,0
DA:30,0
DA:33,0
DA:35,0
DA:36,0
DA:37,0
DA:38,0
DA:40,0
DA:41,0
DA:42,0
DA:44,0
DA:50,0
DA:64,0
DA:70,0
DA:71,0
DA:75,0
DA:78,0
DA:79,0
DA:83,0
DA:86,0
DA:87,0
DA:91,0
LF:26
LH:0
end_of_record
SF:lib\src\features\home\general\presentation\widgets\best_packages\best_packages_card_web_widget.dart
DA:11,0
DA:13,0
DA:14,0
DA:20,0
DA:22,0
DA:24,0
DA:26,0
DA:28,0
DA:30,0
DA:31,0
DA:32,0
DA:33,0
DA:34,0
DA:35,0
DA:36,0
DA:39,0
DA:43,0
DA:44,0
DA:45,0
DA:46,0
DA:47,0
DA:48,0
DA:51,0
DA:55,0
DA:56,0
DA:57,0
DA:58,0
DA:59,0
DA:61,0
DA:72,0
DA:77,0
DA:80,0
DA:81,0
DA:83,0
DA:84,0
DA:89,0
DA:90,0
DA:94,0
DA:96,0
DA:99,0
DA:100,0
DA:101,0
DA:102,0
DA:103,0
DA:104,0
DA:106,0
DA:112,0
DA:113,0
DA:114,0
DA:115,0
DA:117,0
DA:118,0
DA:122,0
DA:123,0
DA:124,0
DA:125,0
DA:128,0
DA:130,0
DA:131,0
DA:132,0
DA:133,0
DA:147,0
DA:148,0
DA:151,0
DA:153,0
DA:159,0
DA:160,0
DA:163,0
DA:165,0
DA:172,0
DA:173,0
DA:176,0
DA:178,0
DA:180,0
DA:181,0
DA:182,0
DA:183,0
DA:184,0
DA:185,0
DA:186,0
DA:188,0
DA:189,0
DA:191,0
DA:192,0
DA:194,0
DA:204,0
DA:205,0
DA:209,0
DA:210,0
DA:211,0
DA:212,0
DA:214,0
DA:217,0
DA:218,0
DA:220,0
DA:221,0
DA:222,0
DA:223,0
LF:98
LH:0
end_of_record
SF:lib\src\features\home\general\presentation\widgets\best_packages\best_packages_card_widget.dart
DA:11,0
DA:13,0
DA:14,0
DA:20,0
DA:22,0
DA:23,0
DA:24,0
DA:26,0
DA:28,0
DA:29,0
DA:30,0
DA:31,0
DA:32,0
DA:33,0
DA:34,0
DA:35,0
DA:36,0
DA:39,0
DA:43,0
DA:44,0
DA:45,0
DA:46,0
DA:47,0
DA:48,0
DA:50,0
DA:54,0
DA:55,0
DA:56,0
DA:57,0
DA:58,0
DA:60,0
DA:71,0
DA:72,0
DA:73,0
DA:74,0
DA:75,0
DA:76,0
DA:79,0
DA:80,0
DA:82,0
DA:83,0
DA:88,0
DA:89,0
DA:93,0
DA:95,0
DA:98,0
DA:99,0
DA:100,0
DA:101,0
DA:102,0
DA:103,0
DA:105,0
DA:111,0
DA:112,0
DA:113,0
DA:114,0
DA:116,0
DA:117,0
DA:121,0
DA:122,0
DA:123,0
DA:124,0
DA:127,0
DA:129,0
DA:130,0
DA:131,0
DA:132,0
DA:146,0
DA:147,0
DA:150,0
DA:152,0
DA:158,0
DA:159,0
DA:162,0
DA:164,0
DA:171,0
DA:172,0
DA:175,0
DA:177,0
DA:179,0
DA:180,0
DA:181,0
DA:182,0
DA:183,0
DA:184,0
DA:185,0
DA:187,0
DA:188,0
DA:190,0
DA:191,0
DA:193,0
DA:203,0
DA:204,0
DA:208,0
DA:209,0
DA:210,0
DA:211,0
DA:213,0
DA:216,0
DA:217,0
DA:219,0
DA:220,0
DA:221,0
DA:222,0
LF:104
LH:0
end_of_record
SF:lib\src\features\home\general\presentation\widgets\best_places\best_place_card_web_widget.dart
DA:9,0
DA:11,0
DA:12,0
DA:18,0
DA:20,0
DA:22,0
DA:23,0
DA:24,0
DA:25,0
DA:26,0
DA:27,0
DA:28,0
DA:31,0
DA:35,0
DA:36,0
DA:37,0
DA:38,0
DA:39,0
DA:40,0
DA:43,0
DA:47,0
DA:48,0
DA:49,0
DA:50,0
DA:51,0
DA:53,0
DA:64,0
DA:69,0
DA:72,0
DA:73,0
DA:75,0
DA:76,0
DA:81,0
DA:82,0
DA:86,0
DA:88,0
DA:91,0
DA:92,0
DA:93,0
DA:94,0
DA:95,0
DA:96,0
DA:98,0
DA:104,0
DA:106,0
DA:107,0
DA:109,0
DA:114,0
DA:115,0
DA:117,0
DA:118,0
DA:119,0
DA:122,0
DA:127,0
DA:129,0
DA:130,0
DA:131,0
DA:132,0
LF:58
LH:0
end_of_record
SF:lib\src\features\home\general\presentation\widgets\best_places\best_place_card_widget.dart
DA:9,0
DA:11,0
DA:12,0
DA:18,0
DA:20,0
DA:21,0
DA:22,0
DA:23,0
DA:24,0
DA:25,0
DA:26,0
DA:27,0
DA:28,0
DA:31,0
DA:35,0
DA:36,0
DA:37,0
DA:38,0
DA:39,0
DA:40,0
DA:42,0
DA:43,0
DA:47,0
DA:48,0
DA:49,0
DA:50,0
DA:51,0
DA:53,0
DA:64,0
DA:65,0
DA:66,0
DA:67,0
DA:68,0
DA:69,0
DA:72,0
DA:73,0
DA:75,0
DA:76,0
DA:81,0
DA:82,0
DA:86,0
DA:88,0
DA:91,0
DA:92,0
DA:93,0
DA:94,0
DA:95,0
DA:96,0
DA:98,0
DA:104,0
DA:106,0
DA:107,0
DA:109,0
DA:114,0
DA:115,0
DA:117,0
DA:118,0
DA:119,0
DA:122,0
DA:127,0
DA:129,0
DA:130,0
DA:131,0
DA:132,0
LF:64
LH:0
end_of_record
SF:lib\src\features\home\general\presentation\widgets\limited_offers\limit_offer_card_widget.dart
DA:11,0
DA:13,0
DA:14,0
DA:18,0
DA:20,0
DA:21,0
DA:22,0
DA:23,0
DA:24,0
DA:25,0
DA:26,0
DA:27,0
DA:30,0
DA:34,0
DA:35,0
DA:37,0
DA:38,0
DA:39,0
DA:40,0
DA:41,0
DA:42,0
DA:48,0
DA:49,0
DA:50,0
DA:51,0
DA:53,0
DA:55,0
DA:56,0
DA:58,0
DA:64,0
DA:65,0
DA:68,0
DA:70,0
DA:76,0
DA:81,0
DA:82,0
DA:86,0
DA:88,0
DA:90,0
DA:91,0
DA:94,0
DA:96,0
DA:98,0
DA:99,0
DA:100,0
DA:101,0
DA:102,0
DA:103,0
DA:108,0
DA:109,0
DA:112,0
DA:120,0
DA:121,0
DA:125,0
DA:127,0
DA:128,0
DA:129,0
DA:130,0
DA:131,0
DA:135,0
DA:136,0
DA:139,0
DA:140,0
DA:142,0
DA:149,0
DA:150,0
DA:153,0
DA:154,0
DA:155,0
DA:156,0
LF:70
LH:0
end_of_record
SF:lib\src\features\home\general\presentation\widgets\tag_widget.dart
DA:16,0
DA:27,0
DA:29,0
DA:31,0
DA:32,0
DA:33,0
DA:34,0
DA:35,0
DA:37,0
DA:38,0
DA:40,0
DA:41,0
DA:42,0
DA:46,0
DA:48,0
DA:49,0
DA:50,0
DA:52,0
DA:53,0
DA:57,0
DA:58,0
DA:59,0
DA:60,0
DA:61,0
DA:62,0
LF:25
LH:0
end_of_record
SF:lib\src\features\home\general\presentation\widgets\limited_offers\limit_offer_card_widget_web.dart
DA:11,0
DA:13,0
DA:14,0
DA:18,0
DA:20,0
DA:21,0
DA:22,0
DA:23,0
DA:24,0
DA:25,0
DA:26,0
DA:27,0
DA:30,0
DA:34,0
DA:35,0
DA:37,0
DA:38,0
DA:39,0
DA:40,0
DA:41,0
DA:42,0
DA:48,0
DA:49,0
DA:50,0
DA:51,0
DA:53,0
DA:55,0
DA:56,0
DA:58,0
DA:64,0
DA:65,0
DA:68,0
DA:70,0
DA:76,0
DA:81,0
DA:82,0
DA:86,0
DA:89,0
DA:91,0
DA:93,0
DA:95,0
DA:96,0
DA:97,0
DA:98,0
DA:99,0
DA:100,0
DA:105,0
DA:106,0
DA:109,0
DA:110,0
DA:118,0
DA:119,0
DA:123,0
DA:125,0
DA:126,0
DA:127,0
DA:128,0
DA:129,0
DA:133,0
DA:134,0
DA:137,0
DA:138,0
DA:140,0
DA:147,0
DA:148,0
DA:151,0
DA:152,0
LF:67
LH:0
end_of_record
SF:lib\src\features\home\hotels\data\data_sources\locale\hotels_shared_prefs.dart
DA:6,0
DA:9,0
LF:2
LH:0
end_of_record
SF:lib\src\features\home\hotels\data\data_sources\remote\general_hotels_api.dart
DA:8,0
LF:1
LH:0
end_of_record
SF:lib\src\features\home\hotels\domain\usecases\hotels_usecase.dart
DA:9,0
DA:11,0
DA:13,0
DA:14,0
DA:15,0
DA:16,0
DA:17,0
DA:23,0
DA:25,0
DA:27,0
DA:28,0
DA:29,0
LF:12
LH:0
end_of_record
SF:lib\src\features\home\hotels\data\data_sources\remote\hotels_api.dart
DA:9,0
DA:12,0
DA:15,0
DA:16,0
DA:17,0
DA:18,0
DA:20,0
LF:7
LH:0
end_of_record
SF:lib\src\features\home\hotels\data\repositories\hotels_repo_impl.dart
DA:13,0
DA:16,0
DA:19,0
DA:20,0
DA:21,0
DA:22,0
LF:6
LH:0
end_of_record
SF:lib\src\features\home\hotels\presentation\bloc\hotels_event.dart
DA:4,0
LF:1
LH:0
end_of_record
SF:lib\src\features\home\hotels\presentation\bloc\hotels_state.dart
DA:4,0
LF:1
LH:0
end_of_record
SF:lib\src\features\home\hotels\presentation\bloc\hotels_bloc.dart
DA:11,0
DA:12,0
LF:2
LH:0
end_of_record
SF:lib\src\features\intro\presentation\bloc\intro_state.dart
DA:14,0
LF:1
LH:0
end_of_record
SF:lib\src\features\intro\presentation\bloc\intro_bloc.dart
DA:11,0
DA:12,0
DA:16,0
DA:17,0
DA:19,0
DA:21,0
LF:6
LH:0
end_of_record
SF:lib\src\features\search_flights\data\data_sources\locale\search_flights_shared_prefs.dart
DA:6,0
DA:9,0
LF:2
LH:0
end_of_record
SF:lib\src\features\search_flights\data\data_sources\remote\general_search_flights_api.dart
DA:8,0
LF:1
LH:0
end_of_record
SF:lib\src\features\search_flights\domain\usecases\search_flights_usecase.dart
DA:9,0
DA:11,0
DA:13,0
DA:14,0
DA:15,0
DA:16,0
DA:17,0
DA:23,0
DA:25,0
DA:27,0
DA:28,0
DA:29,0
LF:12
LH:0
end_of_record
SF:lib\src\features\search_flights\data\data_sources\remote\search_flights_api.dart
DA:9,0
DA:12,0
DA:15,0
DA:16,0
DA:17,0
DA:18,0
DA:20,0
LF:7
LH:0
end_of_record
SF:lib\src\features\search_flights\data\repositories\search_flights_repo_impl.dart
DA:13,0
DA:16,0
DA:19,0
DA:20,0
DA:21,0
DA:22,0
LF:6
LH:0
end_of_record
SF:lib\src\features\search_flights\presentation\bloc\search_flights_state.dart
DA:4,0
LF:1
LH:0
end_of_record
SF:lib\src\features\search_flights\presentation\bloc\search_flights_event.dart
DA:4,0
LF:1
LH:0
end_of_record
SF:lib\src\features\search_flights\presentation\bloc\search_flights_bloc.dart
DA:11,0
DA:12,0
LF:2
LH:0
end_of_record
SF:lib\src\features\search_flights\presentation\widgets\search_flights_app_bar_widget.dart
DA:18,0
DA:27,0
DA:29,0
DA:31,0
DA:35,0
DA:37,0
DA:38,0
DA:39,0
DA:40,0
DA:41,0
DA:44,0
DA:45,0
DA:47,0
DA:48,0
DA:52,0
DA:53,0
DA:54,0
DA:55,0
DA:56,0
DA:57,0
DA:59,0
DA:62,0
DA:64,0
DA:65,0
DA:67,0
DA:68,0
DA:70,0
DA:72,0
DA:78,0
DA:79,0
DA:81,0
DA:83,0
DA:85,0
DA:87,0
DA:88,0
DA:89,0
DA:90,0
DA:91,0
DA:92,0
DA:98,0
DA:99,0
DA:102,0
DA:103,0
DA:104,0
DA:105,0
DA:108,0
DA:109,0
DA:113,0
DA:114,0
DA:115,0
DA:116,0
DA:117,0
DA:118,0
DA:126,0
DA:127,0
DA:131,0
DA:133,0
DA:135,0
DA:136,0
DA:137,0
DA:139,0
DA:140,0
DA:141,0
DA:142,0
DA:153,0
DA:155,0
DA:156,0
DA:157,0
DA:158,0
DA:165,0
DA:166,0
DA:167,0
DA:169,0
DA:170,0
DA:171,0
DA:172,0
DA:184,0
DA:185,0
DA:188,0
DA:190,0
DA:192,0
DA:194,0
DA:198,0
DA:199,0
DA:202,0
DA:203,0
DA:204,0
DA:205,0
DA:206,0
DA:207,0
DA:223,0
DA:224,0
DA:225,0
DA:226,0
DA:227,0
LF:95
LH:0
end_of_record
SF:lib\src\features\search_flights\presentation\widgets\trip_card_widget.dart
DA:18,0
DA:20,0
DA:21,0
DA:31,0
DA:33,0
DA:35,0
DA:38,0
DA:40,0
DA:41,0
DA:43,0
DA:44,0
DA:45,0
DA:46,0
DA:49,0
DA:53,0
DA:54,0
DA:55,0
DA:57,0
DA:58,0
DA:59,0
DA:60,0
DA:61,0
DA:62,0
DA:66,0
DA:67,0
DA:68,0
DA:69,0
DA:71,0
DA:73,0
DA:74,0
DA:75,0
DA:76,0
DA:77,0
DA:84,0
DA:85,0
DA:88,0
DA:90,0
DA:91,0
DA:93,0
DA:94,0
DA:95,0
DA:98,0
DA:99,0
DA:102,0
DA:103,0
DA:105,0
DA:106,0
DA:108,0
DA:117,0
DA:118,0
DA:121,0
DA:122,0
DA:123,0
DA:133,0
DA:134,0
DA:136,0
DA:137,0
DA:138,0
DA:140,0
DA:146,0
DA:147,0
DA:148,0
DA:150,0
DA:152,0
DA:153,0
DA:156,0
DA:157,0
DA:158,0
DA:159,0
DA:160,0
DA:161,0
DA:163,0
DA:164,0
DA:165,0
DA:166,0
DA:168,0
DA:171,0
DA:172,0
DA:175,0
DA:179,0
DA:180,0
DA:184,0
DA:185,0
DA:192,0
DA:193,0
DA:195,0
DA:198,0
DA:199,0
DA:200,0
DA:201,0
DA:211,0
DA:212,0
DA:214,0
DA:219,0
DA:220,0
DA:221,0
DA:225,0
DA:226,0
DA:235,0
DA:236,0
DA:240,0
DA:241,0
DA:244,0
DA:245,0
DA:246,0
DA:248,0
DA:249,0
DA:250,0
DA:252,0
DA:255,0
DA:256,0
DA:258,0
DA:260,0
DA:262,0
DA:263,0
DA:264,0
DA:270,0
DA:277,0
DA:278,0
DA:280,0
DA:281,0
DA:282,0
DA:283,0
DA:287,0
DA:288,0
DA:292,0
DA:293,0
DA:295,0
DA:296,0
DA:300,0
DA:301,0
DA:304,0
DA:306,0
DA:315,0
DA:316,0
DA:317,0
DA:318,0
DA:319,0
DA:320,0
DA:325,0
DA:328,0
DA:335,0
DA:336,0
DA:337,0
DA:338,0
DA:339,0
DA:342,0
DA:343,0
DA:344,0
DA:345,0
DA:346,0
DA:351,0
DA:354,0
LF:153
LH:0
end_of_record
SF:lib\src\features\search_flights\presentation\widgets\flight_details_widget.dart
DA:16,0
DA:17,0
DA:19,0
DA:20,0
DA:24,0
DA:26,0
DA:28,0
DA:30,0
DA:31,0
DA:32,0
DA:33,0
DA:34,0
DA:35,0
DA:37,0
DA:38,0
DA:40,0
DA:41,0
DA:43,0
DA:45,0
DA:46,0
DA:47,0
DA:54,0
DA:56,0
DA:67,0
DA:68,0
DA:72,0
DA:73,0
DA:74,0
DA:75,0
DA:76,0
DA:79,0
DA:83,0
DA:84,0
DA:85,0
DA:87,0
DA:89,0
DA:92,0
DA:95,0
DA:96,0
DA:100,0
DA:106,0
DA:107,0
DA:111,0
DA:113,0
DA:115,0
DA:116,0
DA:117,0
DA:118,0
DA:121,0
DA:122,0
DA:125,0
DA:126,0
DA:129,0
DA:131,0
DA:132,0
DA:133,0
DA:140,0
DA:142,0
DA:148,0
DA:149,0
DA:152,0
DA:153,0
DA:154,0
DA:159,0
DA:161,0
DA:176,0
DA:177,0
DA:179,0
DA:180,0
DA:181,0
DA:185,0
DA:186,0
DA:188,0
DA:189,0
DA:192,0
DA:193,0
DA:197,0
DA:198,0
DA:202,0
DA:203,0
DA:205,0
DA:207,0
DA:208,0
DA:209,0
DA:210,0
DA:211,0
DA:212,0
DA:214,0
DA:216,0
DA:220,0
DA:222,0
DA:223,0
DA:231,0
DA:232,0
DA:236,0
DA:237,0
DA:238,0
DA:239,0
DA:241,0
DA:244,0
DA:246,0
DA:249,0
DA:252,0
DA:256,0
DA:257,0
DA:261,0
DA:262,0
DA:264,0
DA:265,0
DA:267,0
DA:268,0
DA:269,0
DA:270,0
DA:274,0
DA:275,0
DA:276,0
DA:277,0
DA:278,0
DA:279,0
DA:280,0
DA:281,0
DA:282,0
DA:286,0
DA:287,0
DA:288,0
DA:289,0
DA:290,0
DA:291,0
DA:305,0
DA:306,0
DA:310,0
DA:311,0
DA:312,0
DA:313,0
DA:314,0
DA:315,0
DA:317,0
DA:319,0
DA:323,0
DA:324,0
DA:327,0
DA:339,0
DA:340,0
DA:346,0
DA:347,0
DA:348,0
DA:349,0
DA:350,0
DA:351,0
DA:352,0
DA:353,0
DA:354,0
DA:357,0
DA:358,0
DA:369,0
DA:370,0
DA:371,0
DA:372,0
DA:373,0
DA:378,0
DA:379,0
DA:380,0
DA:381,0
DA:385,0
DA:394,0
DA:395,0
DA:396,0
DA:397,0
DA:398,0
LF:169
LH:0
end_of_record
SF:lib\src\features\search_flights\presentation\widgets\plane_observer_widget.dart
DA:16,0
DA:25,0
DA:26,0
DA:35,0
DA:37,0
DA:38,0
DA:39,0
DA:40,0
DA:43,0
DA:45,0
DA:47,0
DA:49,0
DA:51,0
DA:52,0
DA:54,0
DA:55,0
DA:56,0
DA:57,0
DA:62,0
DA:64,0
DA:69,0
DA:70,0
DA:71,0
DA:80,0
DA:81,0
DA:85,0
DA:86,0
DA:87,0
DA:89,0
DA:92,0
DA:94,0
DA:97,0
DA:100,0
DA:105,0
DA:106,0
DA:110,0
DA:112,0
DA:114,0
DA:115,0
DA:116,0
DA:117,0
DA:122,0
DA:123,0
DA:124,0
DA:126,0
DA:129,0
DA:130,0
DA:132,0
DA:133,0
DA:134,0
DA:141,0
DA:142,0
DA:143,0
DA:161,0
DA:163,0
DA:166,0
DA:168,0
DA:169,0
DA:170,0
DA:171,0
DA:173,0
DA:174,0
DA:177,0
DA:182,0
DA:186,0
DA:187,0
DA:188,0
DA:189,0
DA:190,0
DA:194,0
DA:195,0
DA:196,0
DA:197,0
DA:198,0
DA:199,0
DA:200,0
DA:201,0
DA:202,0
DA:203,0
DA:206,0
DA:207,0
DA:219,0
DA:220,0
DA:221,0
DA:222,0
DA:223,0
DA:228,0
DA:229,0
DA:230,0
DA:231,0
DA:235,0
LF:91
LH:0
end_of_record
